<?xml version="1.0" encoding="UTF-8"?>
<testng-results skipped="0" failed="0" ignored="0" total="4" passed="4">
  <reporter-output>
  </reporter-output>
  <suite name="Default suite" duration-ms="63" started-at="2022-09-15T17:13:18Z" finished-at="2022-09-15T17:13:18Z">
    <groups>
    </groups>
    <test name="Default test" duration-ms="63" started-at="2022-09-15T17:13:18Z" finished-at="2022-09-15T17:13:18Z">
      <class name="testngsamples.Actitime_Priority">
        <test-method status="PASS" signature="openBrowserAndAppURL()[pri:1, instance:testngsamples.Actitime_Priority@2b6faea6]" name="openBrowserAndAppURL" duration-ms="18" started-at="2022-09-15T17:13:18Z" description="Open browser and enter URL" finished-at="2022-09-15T17:13:18Z">
          <reporter-output>
          </reporter-output>
        </test-method> <!-- openBrowserAndAppURL -->
        <test-method status="PASS" signature="login()[pri:2, instance:testngsamples.Actitime_Priority@2b6faea6]" name="login" duration-ms="2" started-at="2022-09-15T17:13:18Z" finished-at="2022-09-15T17:13:18Z">
          <reporter-output>
          </reporter-output>
        </test-method> <!-- login -->
        <test-method status="PASS" signature="createTask()[pri:3, instance:testngsamples.Actitime_Priority@2b6faea6]" name="createTask" duration-ms="1" started-at="2022-09-15T17:13:18Z" finished-at="2022-09-15T17:13:18Z">
          <reporter-output>
          </reporter-output>
        </test-method> <!-- createTask -->
        <test-method status="PASS" signature="logoutClose()[pri:4, instance:testngsamples.Actitime_Priority@2b6faea6]" name="logoutClose" duration-ms="1" started-at="2022-09-15T17:13:18Z" finished-at="2022-09-15T17:13:18Z">
          <reporter-output>
          </reporter-output>
        </test-method> <!-- logoutClose -->
      </class> <!-- testngsamples.Actitime_Priority -->
    </test> <!-- Default test -->
  </suite> <!-- Default suite -->
</testng-results>
